\o Program:		@(#)$CDS: libManager version 23.1 - CAT38 04/15/2024 12:23 (sjfdcl749) $
\o Sub version:		sub-version  p323 
\o Arguments:		-unmapped -mpssession virtuoso2698790 -mpshost en-ec-c2s2-r660.coecis.cornell.edu -masterPID 2698790 -ADVM 
\o Working Directory:	en-ec-c2s2-r660.coecis.cornell.edu:/home/cx237/ece4530/ECE4530SerDes
\o 64-bit offsets
\o Qt version: 		5.15.9
\o MPS virtuoso types registered: 68
\o changeWorkingDir("/home/cx237/ece4530/ECE4530SerDes") unnecessary.
\o ddSetForcedLib("") unnecessary.
\o Session hidden cells enabled.
\o Log file is "/home/cx237/ece4530/ECE4530SerDes/libManager.log".
\o Opening libManager window.
\a nrSetWindowVisibility(cdsLibManager "show")
\o MPS service: map window
\a nrSetCurrentWindow(cdsLibManager)
\o Library Manager customization server connected.
\a nrResizeWindow(cdsLibManager list(125 162 1247 722))
\a cdsLibManager->libListBox->value = "analogLib"
\a cdsLibManager->libLineEdit->value = "analogLib"
\a nrSetWindowVisibility(cdsLibManager "hide")
\a _lmgrCloseIconify("cdsLibManager" 1)
\o MPS service: shutdown
\o libManager is exiting.
\a exit(0)
